<?xml version="1.0" encoding="UTF-8"?>
<!-- Generated by org.testng.reporters.JUnitXMLReporter -->
<testsuite ignored="0" hostname="WIN-CNIQ7GSBK1T" failures="1" tests="2" name="Test" time="0.953" errors="0" timestamp="2024-08-05T20:05:33 IST">
  <testcase classname="practice.ForLp" name="ff" time="0.006"/>
  <testcase classname="practice.Basic" name="demo" time="0.004">
    <failure type="java.lang.AssertionError" message="null">
      <![CDATA[java.lang.AssertionError: null
at practice.Basic.demo(Basic.java:20)
at java.base/java.util.ArrayList.forEach(ArrayList.java:1511)
... Removed 29 stack frames]]>
    </failure>
  </testcase> <!-- demo -->
</testsuite> <!-- Test -->
